/*C1*/CONNECT USER SA
DISCONNECT
/*C2*/CONNECT USER SA
/*C3*/CONNECT USER SA
DISCONNECT
/*C4*/CONNECT USER SA
SET AUTOCOMMIT FALSE
SET AUTOCOMMIT TRUE
SET AUTOCOMMIT FALSE
SET AUTOCOMMIT TRUE
SET AUTOCOMMIT FALSE
/*C5*/CONNECT USER SA
SET AUTOCOMMIT FALSE
/*C4*/SET AUTOCOMMIT TRUE
/*C5*/SET AUTOCOMMIT TRUE
SET AUTOCOMMIT FALSE
SET AUTOCOMMIT TRUE
SET AUTOCOMMIT FALSE
SET AUTOCOMMIT TRUE
/*C2*/SET AUTOCOMMIT FALSE
INSERT INTO REPORT_LOG VALUES(3827,'2017-01-02 19:21:59.281',NULL,NULL,NULL,39,0,NULL,NULL,NULL)
COMMIT
SET AUTOCOMMIT TRUE
SET AUTOCOMMIT FALSE
DELETE FROM REPORT_LOG WHERE LOG_ID=3827
INSERT INTO REPORT_LOG VALUES(3827,'2017-01-02 19:21:59.281','2017-01-02 19:21:59.327','success',NULL,39,0,NULL,NULL,NULL)
COMMIT
SET AUTOCOMMIT TRUE
/*C5*/SET AUTOCOMMIT FALSE
SET AUTOCOMMIT TRUE
/*C2*/SET AUTOCOMMIT FALSE
INSERT INTO REPORT_LOG VALUES(3828,'2017-01-02 19:22:13.223',NULL,NULL,NULL,37,0,NULL,NULL,NULL)
COMMIT
SET AUTOCOMMIT TRUE
SET AUTOCOMMIT FALSE
DELETE FROM REPORT_LOG WHERE LOG_ID=3828
INSERT INTO REPORT_LOG VALUES(3828,'2017-01-02 19:22:13.223','2017-01-02 19:22:13.223','success',NULL,37,0,NULL,NULL,NULL)
COMMIT
SET AUTOCOMMIT TRUE
/*C5*/SET AUTOCOMMIT FALSE
SET AUTOCOMMIT TRUE
SET AUTOCOMMIT FALSE
SET AUTOCOMMIT TRUE
/*C2*/SET AUTOCOMMIT FALSE
INSERT INTO REPORT_LOG VALUES(3829,'2017-01-02 19:22:59.034',NULL,NULL,NULL,56,0,NULL,2,NULL)
COMMIT
SET AUTOCOMMIT TRUE
SET AUTOCOMMIT FALSE
DELETE FROM REPORT_LOG WHERE LOG_ID=3829
INSERT INTO REPORT_LOG VALUES(3829,'2017-01-02 19:22:59.034','2017-01-02 19:22:59.28','failure','java.io.FileNotFoundException: c:\openreports-tomcat\reports\BrochureReport.jasper',56,0,NULL,2,NULL)
COMMIT
SET AUTOCOMMIT TRUE
/*C5*/SET AUTOCOMMIT FALSE
SET AUTOCOMMIT TRUE
/*C2*/SET AUTOCOMMIT FALSE
INSERT INTO REPORT_LOG VALUES(3830,'2017-01-02 19:23:05.089',NULL,NULL,NULL,56,0,NULL,0,NULL)
COMMIT
SET AUTOCOMMIT TRUE
SET AUTOCOMMIT FALSE
DELETE FROM REPORT_LOG WHERE LOG_ID=3830
INSERT INTO REPORT_LOG VALUES(3830,'2017-01-02 19:23:05.089','2017-01-02 19:23:05.31','failure','java.io.FileNotFoundException: c:\openreports-tomcat\reports\BrochureReport.jasper',56,0,NULL,0,NULL)
COMMIT
SET AUTOCOMMIT TRUE
/*C5*/SET AUTOCOMMIT FALSE
SET AUTOCOMMIT TRUE
/*C2*/SET AUTOCOMMIT FALSE
INSERT INTO REPORT_LOG VALUES(3831,'2017-01-02 19:23:15.291',NULL,NULL,NULL,13,0,NULL,NULL,NULL)
COMMIT
SET AUTOCOMMIT TRUE
SET AUTOCOMMIT FALSE
DELETE FROM REPORT_LOG WHERE LOG_ID=3831
INSERT INTO REPORT_LOG VALUES(3831,'2017-01-02 19:23:15.291','2017-01-02 19:23:15.837','success',NULL,13,0,NULL,NULL,NULL)
COMMIT
SET AUTOCOMMIT TRUE
/*C5*/SET AUTOCOMMIT FALSE
SET AUTOCOMMIT TRUE
SET AUTOCOMMIT FALSE
SET AUTOCOMMIT TRUE
SET AUTOCOMMIT FALSE
SET AUTOCOMMIT TRUE
SET AUTOCOMMIT FALSE
SET AUTOCOMMIT TRUE
SET AUTOCOMMIT FALSE
SET AUTOCOMMIT TRUE
SET AUTOCOMMIT FALSE
SET AUTOCOMMIT TRUE
SET AUTOCOMMIT FALSE
SET AUTOCOMMIT TRUE
SET AUTOCOMMIT FALSE
SET AUTOCOMMIT TRUE
SET AUTOCOMMIT FALSE
SET AUTOCOMMIT TRUE
SET AUTOCOMMIT FALSE
SET AUTOCOMMIT TRUE
/*C2*/SET AUTOCOMMIT FALSE
INSERT INTO REPORT_LOG VALUES(3832,'2017-01-02 19:26:32.561',NULL,NULL,NULL,57,0,NULL,0,NULL)
COMMIT
SET AUTOCOMMIT TRUE
SET AUTOCOMMIT FALSE
DELETE FROM REPORT_LOG WHERE LOG_ID=3832
INSERT INTO REPORT_LOG VALUES(3832,'2017-01-02 19:26:32.561','2017-01-02 19:26:32.774','failure','java.io.FileNotFoundException: c:\openreports-tomcat\reports\CustomerListWithDrillDown.jasper',57,0,NULL,0,NULL)
COMMIT
SET AUTOCOMMIT TRUE
/*C5*/SET AUTOCOMMIT FALSE
SET AUTOCOMMIT TRUE
SET AUTOCOMMIT FALSE
SET AUTOCOMMIT TRUE
SET AUTOCOMMIT FALSE
SET AUTOCOMMIT TRUE
SET AUTOCOMMIT FALSE
SET AUTOCOMMIT TRUE
SET AUTOCOMMIT FALSE
SET AUTOCOMMIT TRUE
SET AUTOCOMMIT FALSE
SET AUTOCOMMIT TRUE
SET AUTOCOMMIT FALSE
SET AUTOCOMMIT TRUE
SET AUTOCOMMIT FALSE
SET AUTOCOMMIT TRUE
SET AUTOCOMMIT FALSE
SET AUTOCOMMIT TRUE
SET AUTOCOMMIT FALSE
SET AUTOCOMMIT TRUE
